0 info it worked if it ends with ok
1 verbose cli [ 'node', '/usr/local/bin/npm', 'install', 'bodyParser' ]
2 info using npm@2.3.0
3 info using node@v0.10.36
4 verbose node symlink /usr/local/bin/node
5 silly cache add args [ 'bodyParser', null ]
6 verbose cache add spec bodyParser
7 silly cache add parsed spec { raw: 'bodyParser',
7 silly cache add   scope: null,
7 silly cache add   name: 'bodyParser',
7 silly cache add   rawSpec: '',
7 silly cache add   spec: '*',
7 silly cache add   type: 'range' }
8 verbose addNamed bodyParser@*
9 silly addNamed semver.valid null
10 silly addNamed semver.validRange *
11 silly addNameRange { name: 'bodyParser', range: '*', hasData: false }
12 silly mapToRegistry name bodyParser
13 silly mapToRegistry using default registry
14 silly mapToRegistry registry https://registry.npmjs.org/
15 silly mapToRegistry uri https://registry.npmjs.org/bodyParser
16 verbose addNameRange registry:https://registry.npmjs.org/bodyParser not in flight; fetching
17 verbose request uri https://registry.npmjs.org/bodyParser
18 verbose request no auth needed
19 info attempt registry request try #1 at 12:49:08
20 verbose request id c77fd6b5c52dd8e0
21 http request GET https://registry.npmjs.org/bodyParser
22 http 404 https://registry.npmjs.org/bodyParser
23 verbose headers { date: 'Tue, 03 Feb 2015 12:49:08 GMT',
23 verbose headers   server: 'CouchDB/1.6.1 (Erlang OTP/R14B04)',
23 verbose headers   'content-type': 'application/json',
23 verbose headers   'cache-control': 'max-age=0',
23 verbose headers   'content-length': '52',
23 verbose headers   'accept-ranges': 'bytes',
23 verbose headers   via: '1.1 varnish',
23 verbose headers   age: '0',
23 verbose headers   'x-served-by': 'cache-lhr6329-LHR',
23 verbose headers   'x-cache': 'MISS',
23 verbose headers   'x-cache-hits': '0',
23 verbose headers   'x-timer': 'S1422967748.473350,VS0,VE359',
23 verbose headers   'keep-alive': 'timeout=10, max=50',
23 verbose headers   connection: 'Keep-Alive' }
24 silly get cb [ 404,
24 silly get   { date: 'Tue, 03 Feb 2015 12:49:08 GMT',
24 silly get     server: 'CouchDB/1.6.1 (Erlang OTP/R14B04)',
24 silly get     'content-type': 'application/json',
24 silly get     'cache-control': 'max-age=0',
24 silly get     'content-length': '52',
24 silly get     'accept-ranges': 'bytes',
24 silly get     via: '1.1 varnish',
24 silly get     age: '0',
24 silly get     'x-served-by': 'cache-lhr6329-LHR',
24 silly get     'x-cache': 'MISS',
24 silly get     'x-cache-hits': '0',
24 silly get     'x-timer': 'S1422967748.473350,VS0,VE359',
24 silly get     'keep-alive': 'timeout=10, max=50',
24 silly get     connection: 'Keep-Alive' } ]
25 verbose stack Error: 404 Not Found: bodyParser
25 verbose stack     at CachingRegistryClient.<anonymous> (/usr/local/lib/node_modules/npm/node_modules/npm-registry-client/lib/request.js:251:14)
25 verbose stack     at Request._callback (/usr/local/lib/node_modules/npm/node_modules/npm-registry-client/lib/request.js:178:14)
25 verbose stack     at Request.self.callback (/usr/local/lib/node_modules/npm/node_modules/request/request.js:373:22)
25 verbose stack     at Request.emit (events.js:98:17)
25 verbose stack     at Request.<anonymous> (/usr/local/lib/node_modules/npm/node_modules/request/request.js:1318:14)
25 verbose stack     at Request.emit (events.js:117:20)
25 verbose stack     at IncomingMessage.<anonymous> (/usr/local/lib/node_modules/npm/node_modules/request/request.js:1266:12)
25 verbose stack     at IncomingMessage.emit (events.js:117:20)
25 verbose stack     at _stream_readable.js:944:16
25 verbose stack     at process._tickCallback (node.js:442:13)
26 verbose statusCode 404
27 verbose pkgid bodyParser
28 verbose cwd /Users/dan/git/videodiary/web
29 error Darwin 14.1.0
30 error argv "node" "/usr/local/bin/npm" "install" "bodyParser"
31 error node v0.10.36
32 error npm  v2.3.0
33 error code E404
34 error 404 Not Found: bodyParser
34 error 404
34 error 404 'bodyParser' is not in the npm registry.
34 error 404 You should bug the author to publish it (or use the name yourself!)
34 error 404
34 error 404 Note that you can also install from a
34 error 404 tarball, folder, http url, or git url.
35 verbose exit [ 1, true ]
